  ¡ Bienvenido ! - BABOT 2.0v

  Comenzando proceso....

  Proceso: KAT-001 

  Fecha: 2023-06-13 20:40:03.820771

  Logs: C:/Python/BABOT_2.0v/Logs\13 de Junio del 2023.log

  Settings: C:\Python\BABOT_2.0v\config\settings.xlsx


    ----------------------------------------
    Inicio de proceso
    ----------------------------------------
Importando modulo Steps..
  ¡ Bienvenido ! - BABOT 2.0v

  Comenzando proceso....

  Proceso: KAT-001 

  Fecha: 2023-06-13 20:40:28.252698

  Logs: C:/Python/BABOT_2.0v/Logs\13 de Junio del 2023.log

  Settings: C:\Python\BABOT_2.0v\config\settings.xlsx


    ----------------------------------------
    Inicio de proceso
    ----------------------------------------
Importando modulo Steps..
  ¡ Bienvenido ! - BABOT 2.0v

  Comenzando proceso....

  Proceso: KAT-001 

  Fecha: 2023-06-13 20:40:44.801318

  Logs: C:/Python/BABOT_2.0v/Logs\13 de Junio del 2023.log

  Settings: C:\Python\BABOT_2.0v\config\settings.xlsx


    ----------------------------------------
    Inicio de proceso
    ----------------------------------------
Importando modulo Steps..
  ¡ Bienvenido ! - BABOT 2.0v

  Comenzando proceso....

  Proceso: KAT-001 

  Fecha: 2023-06-13 20:41:28.314879

  Logs: C:/Python/BABOT_2.0v/Logs\13 de Junio del 2023.log

  Settings: C:\Python\BABOT_2.0v\config\settings.xlsx


    ----------------------------------------
    Inicio de proceso
    ----------------------------------------
Importando modulo Steps..
  ¡ Bienvenido ! - BABOT 2.0v

  Comenzando proceso....

  Proceso: KAT-001 

  Fecha: 2023-06-13 20:42:54.546634

  Logs: C:/Python/BABOT_2.0v/Logs\13 de Junio del 2023.log

  Settings: C:\Python\BABOT_2.0v\config\settings.xlsx


    ----------------------------------------
    Inicio de proceso
    ----------------------------------------
Importando modulo Steps..
  ¡ Bienvenido ! - BABOT 2.0v

  Comenzando proceso....

  Proceso: KAT-001 

  Fecha: 2023-06-13 20:43:12.303922

  Logs: C:/Python/BABOT_2.0v/Logs\13 de Junio del 2023.log

  Settings: C:\Python\BABOT_2.0v\config\settings.xlsx


    ----------------------------------------
    Inicio de proceso
    ----------------------------------------
Importando modulo Steps..
  ¡ Bienvenido ! - BABOT 2.0v

  Comenzando proceso....

  Proceso: KAT-001 

  Fecha: 2023-06-13 20:43:57.988024

  Logs: C:/Python/BABOT_2.0v/Logs\13 de Junio del 2023.log

  Settings: C:\Python\BABOT_2.0v\config\settings.xlsx


    ----------------------------------------
    Inicio de proceso
    ----------------------------------------
Importando modulo Steps..
  ¡ Bienvenido ! - BABOT 2.0v

  Comenzando proceso....

  Proceso: KAT-001 

  Fecha: 2023-06-13 20:44:11.554864

  Logs: C:/Python/BABOT_2.0v/Logs\13 de Junio del 2023.log

  Settings: C:\Python\BABOT_2.0v\config\settings.xlsx


    ----------------------------------------
    Inicio de proceso
    ----------------------------------------
Importando modulo Steps..
No se pudo ejecutar la funcion IniciarProceso. Detalle: IniciarProceso() takes 0 positional arguments but 1 was given
    ----------------------------------------
    Fin de proceso
    ----------------------------------------
    Tiempo de ejecución: 0.0 Segundos
  ¡ Bienvenido ! - BABOT 2.0v

  Comenzando proceso....

  Proceso: KAT-001 

  Fecha: 2023-06-13 20:45:13.418484

  Logs: C:/Python/BABOT_2.0v/Logs\13 de Junio del 2023.log

  Settings: C:\Python\BABOT_2.0v\config\settings.xlsx


    ----------------------------------------
    Inicio de proceso
    ----------------------------------------
    Importando modulo Steps..
    ----------------------------------------
    Fin de proceso
    ----------------------------------------
    Tiempo de ejecución: 0.0 Segundos
  ¡ Bienvenido ! - BABOT 2.0v

  Comenzando proceso....

  Proceso: KAT-001 

  Fecha: 2023-06-13 21:21:40.821225

  Logs: C:/Python/BABOT_2.0v/Logs\13 de Junio del 2023.log

  Settings: C:\Python\BABOT_2.0v\config\settings.xlsx


    ----------------------------------------
    Inicio de proceso
    ----------------------------------------
    Importando modulo Steps..
    No se pudo ejecutar la funcion IniciarProceso. Detalle: [Errno 13] Permission denied: 'C:/Python/BABOT_2.0v/Config'
    ----------------------------------------
    Fin de proceso
    ----------------------------------------
    Tiempo de ejecución: 0.0 Segundos
  ¡ Bienvenido ! - BABOT 2.0v

  Comenzando proceso....

  Proceso: KAT-001 

  Fecha: 2023-06-13 21:24:11.119207

  Logs: C:/Python/BABOT_2.0v/Logs\13 de Junio del 2023.log

  Settings: C:\Python\BABOT_2.0v\config\settings.xlsx


    ----------------------------------------
    Inicio de proceso
    ----------------------------------------
    Importando modulo Steps..
    No se pudo ejecutar la funcion IniciarProceso. Detalle: 'FUNCION_0'
    ----------------------------------------
    Fin de proceso
    ----------------------------------------
    Tiempo de ejecución: 0.0 Segundos
  ¡ Bienvenido ! - BABOT 2.0v

  Comenzando proceso....

  Proceso: KAT-001 

  Fecha: 2023-06-13 21:24:53.054115

  Logs: C:/Python/BABOT_2.0v/Logs\13 de Junio del 2023.log

  Settings: C:\Python\BABOT_2.0v\config\settings.xlsx


    ----------------------------------------
    Inicio de proceso
    ----------------------------------------
    Importando modulo Steps..
    No se pudo ejecutar la funcion IniciarProceso. Detalle: 'FUNCION_0'
    ----------------------------------------
    Fin de proceso
    ----------------------------------------
    Tiempo de ejecución: 0.0 Segundos
  ¡ Bienvenido ! - BABOT 2.0v

  Comenzando proceso....

  Proceso: KAT-001 

  Fecha: 2023-06-13 21:24:53.054115

  Logs: C:/Python/BABOT_2.0v/Logs\13 de Junio del 2023.log

  Settings: C:\Python\BABOT_2.0v\config\settings.xlsx


    ----------------------------------------
    Inicio de proceso
    ----------------------------------------
    Importando modulo Steps..
    No se pudo ejecutar la funcion IniciarProceso. Detalle: 'FUNCION_0'
    ----------------------------------------
    Fin de proceso
    ----------------------------------------
    Tiempo de ejecución: 0.0 Segundos
  ¡ Bienvenido ! - BABOT 2.0v

  Comenzando proceso....

  Proceso: KAT-001 

  Fecha: 2023-06-13 21:25:58.492744

  Logs: C:/Python/BABOT_2.0v/Logs\13 de Junio del 2023.log

  Settings: C:\Python\BABOT_2.0v\config\settings.xlsx


    ----------------------------------------
    Inicio de proceso
    ----------------------------------------
    Importando modulo Steps..
    ----------------------------------------
    Fin de proceso
    ----------------------------------------
    Tiempo de ejecución: 0.0 Segundos
  ¡ Bienvenido ! - BABOT 2.0v

  Comenzando proceso....

  Proceso: KAT-001 

  Fecha: 2023-06-13 21:32:35.159346

  Logs: C:/Python/BABOT_2.0v/Logs\13 de Junio del 2023.log

  Settings: C:\Python\BABOT_2.0v\config\settings.xlsx


    ----------------------------------------
    Inicio de proceso
    ----------------------------------------
    Importando modulo Steps..
    ----------------------------------------
    Fin de proceso
    ----------------------------------------
    Tiempo de ejecución: 0.0 Segundos
  ¡ Bienvenido ! - BABOT 2.0v

  Comenzando proceso....

  Proceso: KAT-001 

  Fecha: 2023-06-13 22:00:16.153084

  Logs: C:/Python/BABOT_2.0v/Logs\13 de Junio del 2023.log

  Settings: C:\Python\BABOT_2.0v\config\settings.xlsx


    ----------------------------------------
    Inicio de proceso
    ----------------------------------------
    Importando modulo Steps..
Paso inicial: TIPO DE FUNCION
Paso siguiente: TIPO DE FUNCION
Paso siguiente: TIPO DE FUNCION
Paso siguiente: TIPO DE FUNCION
Paso siguiente: TIPO DE FUNCION
Paso siguiente: TIPO DE FUNCION
Paso siguiente: TIPO DE FUNCION
Paso siguiente: TIPO DE FUNCION
Paso siguiente: TIPO DE FUNCION
Paso final: TIPO DE FUNCION
    ----------------------------------------
    Fin de proceso
    ----------------------------------------
    Tiempo de ejecución: 0.0 Segundos
  ¡ Bienvenido ! - BABOT 2.0v

  Comenzando proceso....

  Proceso: KAT-001 

  Fecha: 2023-06-13 22:02:11.212923

  Logs: C:/Python/BABOT_2.0v/Logs\13 de Junio del 2023.log

  Settings: C:\Python\BABOT_2.0v\config\settings.xlsx


    ----------------------------------------
    Inicio de proceso
    ----------------------------------------
    Importando modulo Steps..
    Paso inicial: NOMBRE_FUNCION
    Paso siguiente: NOMBRE_FUNCION_1
    Paso siguiente: nan
    Paso siguiente: NOMBRE_FUNCION_3
    Paso siguiente: NOMBRE_FUNCION_4
    Paso siguiente: nan
    Paso siguiente: NOMBRE_FUNCION_6
    Paso siguiente: nan
    Paso siguiente: NOMBRE_FUNCION_8
    Paso siguiente: NOMBRE_FUNCION_9
    ----------------------------------------
    Fin de proceso
    ----------------------------------------
    Tiempo de ejecución: 0.0 Segundos
  ¡ Bienvenido ! - BABOT 2.0v

  Comenzando proceso....

  Proceso: KAT-001 

  Fecha: 2023-06-13 22:03:19.716019

  Logs: C:/Python/BABOT_2.0v/Logs\13 de Junio del 2023.log

  Settings: C:\Python\BABOT_2.0v\config\settings.xlsx


    ----------------------------------------
    Inicio de proceso
    ----------------------------------------
    Importando modulo Steps..
    Paso inicial: NOMBRE_FUNCION
    Paso siguiente: NOMBRE_FUNCION_1
    Paso siguiente: NOMBRE_FUNCION_3
    Paso siguiente: NOMBRE_FUNCION_4
    Paso siguiente: NOMBRE_FUNCION_6
    Paso siguiente: NOMBRE_FUNCION_8
    Paso siguiente: NOMBRE_FUNCION_9
    ----------------------------------------
    Fin de proceso
    ----------------------------------------
    Tiempo de ejecución: 0.0 Segundos
  ¡ Bienvenido ! - BABOT 2.0v

  Comenzando proceso....

  Proceso: KAT-001 

  Fecha: 2023-06-13 22:05:38.099679

  Logs: C:/Python/BABOT_2.0v/Logs\13 de Junio del 2023.log

  Settings: C:\Python\BABOT_2.0v\config\settings.xlsx


    ----------------------------------------
    Inicio de proceso
    ----------------------------------------
    Importando modulo Steps..
    Paso inicial: NOMBRE_FUNCION
    Paso siguiente: NOMBRE_FUNCION_1
    Paso siguiente: NOMBRE_FUNCION_3
    Paso siguiente: NOMBRE_FUNCION_4
    Paso siguiente: NOMBRE_FUNCION_6
    Paso siguiente: NOMBRE_FUNCION_8
    Paso siguiente: NOMBRE_FUNCION_9
    ----------------------------------------
    Fin de proceso
    ----------------------------------------
    Tiempo de ejecución: 0.0 Segundos
  ¡ Bienvenido ! - BABOT 2.0v

  Comenzando proceso....

  Proceso: KAT-001 

  Fecha: 2023-06-13 22:37:45.503531

  Logs: C:/Python/BABOT_2.0v/Logs\13 de Junio del 2023.log

  Settings: C:\Python\BABOT_2.0v\config\settings.xlsx


    ----------------------------------------
    Inicio de proceso
    ----------------------------------------
    Importando modulo Steps..
    Paso inicial: IMPORTAR_CUSTOM
Pasos asignados: 5
    ----------------------------------------
    Fin de proceso
    ----------------------------------------
    Tiempo de ejecución: 0.0 Segundos
  ¡ Bienvenido ! - BABOT 2.0v

  Comenzando proceso....

  Proceso: KAT-001 

  Fecha: 2023-06-13 22:38:50.577563

  Logs: C:/Python/BABOT_2.0v/Logs\13 de Junio del 2023.log

  Settings: C:\Python\BABOT_2.0v\config\settings.xlsx


    ----------------------------------------
    Inicio de proceso
    ----------------------------------------
    Importando modulo Steps..
    Paso inicial: IMPORTAR_CUSTOM
Pasos asignados: 5
    ----------------------------------------
    Fin de proceso
    ----------------------------------------
    Tiempo de ejecución: 0.0 Segundos
  ¡ Bienvenido ! - BABOT 2.0v

  Comenzando proceso....

  Proceso: KAT-001 

  Fecha: 2023-06-13 22:40:22.746431

  Logs: C:/Python/BABOT_2.0v/Logs\13 de Junio del 2023.log

  Settings: C:\Python\BABOT_2.0v\config\settings.xlsx


    ----------------------------------------
    Inicio de proceso
    ----------------------------------------
    Importando modulo Steps..
    Paso inicial: IMPORTAR_CUSTOM
Pasos asignados: 5
    ----------------------------------------
    Fin de proceso
    ----------------------------------------
    Tiempo de ejecución: 0.0 Segundos
  ¡ Bienvenido ! - BABOT 2.0v

  Comenzando proceso....

  Proceso: KAT-001 

  Fecha: 2023-06-13 22:45:19.375981

  Logs: C:/Python/BABOT_2.0v/Logs\13 de Junio del 2023.log

  Settings: C:\Python\BABOT_2.0v\config\settings.xlsx


    ----------------------------------------
    Inicio de proceso
    ----------------------------------------
    Importando modulo Steps..
    Paso inicial: IMPORTAR_CUSTOM
Pasos asignados: 5
    ----------------------------------------
    Fin de proceso
    ----------------------------------------
    Tiempo de ejecución: 0.0 Segundos
  ¡ Bienvenido ! - BABOT 2.0v

  Comenzando proceso....

  Proceso: KAT-001 

  Fecha: 2023-06-13 22:45:48.427186

  Logs: C:/Python/BABOT_2.0v/Logs\13 de Junio del 2023.log

  Settings: C:\Python\BABOT_2.0v\config\settings.xlsx


    ----------------------------------------
    Inicio de proceso
    ----------------------------------------
    Importando modulo Steps..
    Paso inicial: IMPORTAR_CUSTOM
Pasos asignados: 5
    ----------------------------------------
    Fin de proceso
    ----------------------------------------
    Tiempo de ejecución: 0.0 Segundos
  ¡ Bienvenido ! - BABOT 2.0v

  Comenzando proceso....

  Proceso: KAT-001 

  Fecha: 2023-06-13 22:46:50.245986

  Logs: C:/Python/BABOT_2.0v/Logs\13 de Junio del 2023.log

  Settings: C:\Python\BABOT_2.0v\config\settings.xlsx


    ----------------------------------------
    Inicio de proceso
    ----------------------------------------
    Importando modulo Steps..
    Paso inicial: IMPORTAR_CUSTOM
Pasos asignados: 5
    ----------------------------------------
    Fin de proceso
    ----------------------------------------
    Tiempo de ejecución: 0.0 Segundos
