  ¡ Bienvenido ! - BABOT 2.0v

  Comenzando proceso....

  Proceso: KAT-001 

  Fecha: 2023-06-06 18:30:08.067069

  Logs: C:/Python/BABOT_2.0v/Logs\6 de Junio del 2023.log

  Settings: C:\Python\BABOT_2.0v\config\settings.xlsx

Proceso iniciado 1686087009.759923

La variable -CleanPathOutput- existe.
Ha seteado la variable -CleanPathOutput- como -TRUE- se eliminarán todos los archivos de la carpeta Output.
  ¡ Bienvenido ! - BABOT 2.0v

  Comenzando proceso....

  Proceso: KAT-001 

  Fecha: 2023-06-06 18:32:50.899512

  Logs: C:/Python/BABOT_2.0v/Logs\6 de Junio del 2023.log

  Settings: C:\Python\BABOT_2.0v\config\settings.xlsx

Proceso iniciado 1686087172.5132072

La variable -CleanPathOutput- existe.
Ha seteado la variable -CleanPathOutput- como -TRUE- se eliminarán todos los archivos de la carpeta Output.
  ¡ Bienvenido ! - BABOT 2.0v

  Comenzando proceso....

  Proceso: KAT-001 

  Fecha: 2023-06-06 18:56:34.102165

  Logs: C:/Python/BABOT_2.0v/Logs\6 de Junio del 2023.log

  Settings: C:\Python\BABOT_2.0v\config\settings.xlsx

Proceso iniciado 1686088596.1591191

   Fin de proceso - Tiempo de ejecución: -0.0 Segundos
  ¡ Bienvenido ! - BABOT 2.0v

  Comenzando proceso....

  Proceso: KAT-001 

  Fecha: 2023-06-06 19:08:06.331105

  Logs: C:/Python/BABOT_2.0v/Logs\6 de Junio del 2023.log

  Settings: C:\Python\BABOT_2.0v\config\settings.xlsx

  ¡ Bienvenido ! - BABOT 2.0v

  Comenzando proceso....

  Proceso: KAT-001 

  Fecha: 2023-06-06 19:08:32.031644

  Logs: C:/Python/BABOT_2.0v/Logs\6 de Junio del 2023.log

  Settings: C:\Python\BABOT_2.0v\config\settings.xlsx

  ¡ Bienvenido ! - BABOT 2.0v

  Comenzando proceso....

  Proceso: KAT-001 

  Fecha: 2023-06-06 19:09:08.062094

  Logs: C:/Python/BABOT_2.0v/Logs\6 de Junio del 2023.log

  Settings: C:\Python\BABOT_2.0v\config\settings.xlsx

Proceso iniciado 1686089350.0

Proceso de finalizacion...
   Fin de proceso - Tiempo de ejecución: 0.0 Segundos
  ¡ Bienvenido ! - BABOT 2.0v

  Comenzando proceso....

  Proceso: KAT-001 

  Fecha: 2023-06-06 19:09:52.568357

  Logs: C:/Python/BABOT_2.0v/Logs\6 de Junio del 2023.log

  Settings: C:\Python\BABOT_2.0v\config\settings.xlsx


Proceso de finalizacion...
   Fin de proceso - Tiempo de ejecución: 0.0 Segundos
  ¡ Bienvenido ! - BABOT 2.0v

  Comenzando proceso....

  Proceso: KAT-001 

  Fecha: 2023-06-06 19:11:46.659002

  Logs: C:/Python/BABOT_2.0v/Logs\6 de Junio del 2023.log

  Settings: C:\Python\BABOT_2.0v\config\settings.xlsx


    ----------------------------------------
    Inicio de proceso
    ----------------------------------------
    ----------------------------------------
    Fin de proceso
    ----------------------------------------
   Tiempo de ejecución: -0.0 Segundos
